TN:
SF:/Users/rsantos/locawebstyle-tray/js/pages/partials/ItemsEmpty.jsx
FN:,(anonymous_1)
FN:,defineProperties
FN:,(anonymous_3)
FN:,_classCallCheck
FN:,_possibleConstructorReturn
FN:,_inherits
FN:,(anonymous_7)
FN:,ItemsEmpty
FN:,componentDidMount
FN:,render
FNF:10
FNH:10
FNDA:1,(anonymous_1)
FNDA:1,defineProperties
FNDA:1,(anonymous_3)
FNDA:2,_classCallCheck
FNDA:2,_possibleConstructorReturn
FNDA:1,_inherits
FNDA:1,(anonymous_7)
FNDA:2,ItemsEmpty
FNDA:2,componentDidMount
FNDA:2,render
DA:1,2
DA:2,2
DA:4,2
DA:7,2
DA:11,2
DA:42,1
LF:6
LH:6
BRDA:,1,0,2
BRDA:,1,1,2
BRDA:,2,0,2
BRDA:,2,1,0
BRDA:,3,0,1
BRDA:,3,1,0
BRDA:,4,0,0
BRDA:,4,1,1
BRDA:,5,0,0
BRDA:,5,1,2
BRDA:,6,0,0
BRDA:,6,1,2
BRDA:,7,0,0
BRDA:,7,1,2
BRDA:,8,0,2
BRDA:,8,1,0
BRDA:,8,2,0
BRDA:,9,0,0
BRDA:,9,1,1
BRDA:,10,0,1
BRDA:,10,1,0
BRDA:,11,0,1
BRDA:,11,1,1
BRDA:,12,0,1
BRDA:,12,1,0
BRDA:,13,0,1
BRDA:,13,1,0
BRDA:,14,0,2
BRDA:,14,1,0
BRF:29
BRH:16
end_of_record
TN:
SF:/Users/rsantos/locawebstyle-tray/js/components/Breadcrumb.jsx
FN:,(anonymous_1)
FN:,defineProperties
FN:,(anonymous_3)
FN:,_classCallCheck
FN:,_possibleConstructorReturn
FN:,_inherits
FN:,(anonymous_7)
FN:,Breadcrumb
FN:,render
FNF:9
FNH:9
FNDA:1,(anonymous_1)
FNDA:1,defineProperties
FNDA:1,(anonymous_3)
FNDA:3,_classCallCheck
FNDA:3,_possibleConstructorReturn
FNDA:1,_inherits
FNDA:1,(anonymous_7)
FNDA:3,Breadcrumb
FNDA:3,render
DA:1,1
DA:3,3
DA:9,3
DA:11,3
DA:12,1
DA:15,2
DA:30,1
LF:7
LH:7
BRDA:,1,0,1
BRDA:,1,1,1
BRDA:,2,0,1
BRDA:,2,1,0
BRDA:,3,0,1
BRDA:,3,1,0
BRDA:,4,0,0
BRDA:,4,1,1
BRDA:,5,0,0
BRDA:,5,1,3
BRDA:,6,0,0
BRDA:,6,1,3
BRDA:,7,0,0
BRDA:,7,1,3
BRDA:,8,0,3
BRDA:,8,1,0
BRDA:,8,2,0
BRDA:,9,0,0
BRDA:,9,1,1
BRDA:,10,0,1
BRDA:,10,1,0
BRDA:,11,0,1
BRDA:,11,1,1
BRDA:,12,0,1
BRDA:,12,1,0
BRDA:,13,0,1
BRDA:,13,1,0
BRDA:,14,0,3
BRDA:,14,1,0
BRDA:,15,0,1
BRDA:,15,1,2
BRF:31
BRH:18
end_of_record
TN:
SF:/Users/rsantos/locawebstyle-tray/js/components/Header.jsx
FN:,(anonymous_1)
FN:,defineProperties
FN:,(anonymous_3)
FN:,_interopRequireDefault
FN:,_classCallCheck
FN:,_possibleConstructorReturn
FN:,_inherits
FN:,(anonymous_8)
FN:,Header
FN:,render
FNF:10
FNH:10
FNDA:1,(anonymous_1)
FNDA:1,defineProperties
FNDA:1,(anonymous_3)
FNDA:1,_interopRequireDefault
FNDA:1,_classCallCheck
FNDA:1,_possibleConstructorReturn
FNDA:1,_inherits
FNDA:1,(anonymous_8)
FNDA:1,Header
FNDA:1,render
DA:1,1
DA:3,1
DA:5,1
DA:94,1
LF:4
LH:4
BRDA:,1,0,1
BRDA:,1,1,1
BRDA:,2,0,1
BRDA:,2,1,0
BRDA:,3,0,1
BRDA:,3,1,0
BRDA:,4,0,0
BRDA:,4,1,1
BRDA:,5,0,0
BRDA:,5,1,1
BRDA:,6,0,1
BRDA:,6,1,1
BRDA:,7,0,0
BRDA:,7,1,1
BRDA:,8,0,0
BRDA:,8,1,1
BRDA:,9,0,0
BRDA:,9,1,1
BRDA:,10,0,1
BRDA:,10,1,0
BRDA:,10,2,0
BRDA:,11,0,0
BRDA:,11,1,1
BRDA:,12,0,1
BRDA:,12,1,0
BRDA:,13,0,1
BRDA:,13,1,1
BRDA:,14,0,1
BRDA:,14,1,0
BRDA:,15,0,1
BRDA:,15,1,0
BRDA:,16,0,1
BRDA:,16,1,0
BRF:33
BRH:19
end_of_record
TN:
SF:/Users/rsantos/locawebstyle-tray/js/components/Modal.jsx
FN:,(anonymous_1)
FN:,defineProperties
FN:,(anonymous_3)
FN:,_interopRequireDefault
FN:,_classCallCheck
FN:,_possibleConstructorReturn
FN:,_inherits
FN:,(anonymous_8)
FN:,Modal
FN:,componentDidMount
FN:,render
FNF:11
FNH:11
FNDA:1,(anonymous_1)
FNDA:1,defineProperties
FNDA:1,(anonymous_3)
FNDA:1,_interopRequireDefault
FNDA:1,_classCallCheck
FNDA:1,_possibleConstructorReturn
FNDA:1,_inherits
FNDA:1,(anonymous_8)
FNDA:1,Modal
FNDA:1,componentDidMount
FNDA:1,render
DA:1,2
DA:3,1
DA:6,1
DA:7,1
DA:11,1
DA:37,1
LF:6
LH:6
BRDA:,1,0,2
BRDA:,1,1,2
BRDA:,2,0,2
BRDA:,2,1,0
BRDA:,3,0,1
BRDA:,3,1,0
BRDA:,4,0,0
BRDA:,4,1,1
BRDA:,5,0,0
BRDA:,5,1,1
BRDA:,6,0,1
BRDA:,6,1,1
BRDA:,7,0,0
BRDA:,7,1,1
BRDA:,8,0,0
BRDA:,8,1,1
BRDA:,9,0,0
BRDA:,9,1,1
BRDA:,10,0,1
BRDA:,10,1,0
BRDA:,10,2,0
BRDA:,11,0,0
BRDA:,11,1,1
BRDA:,12,0,1
BRDA:,12,1,0
BRDA:,13,0,1
BRDA:,13,1,1
BRDA:,14,0,1
BRDA:,14,1,0
BRDA:,15,0,1
BRDA:,15,1,0
BRDA:,16,0,1
BRDA:,16,1,0
BRF:33
BRH:19
end_of_record
TN:
SF:/Users/rsantos/locawebstyle-tray/js/pages/partials/ItemsTableItem.jsx
FN:,(anonymous_1)
FN:,defineProperties
FN:,(anonymous_3)
FN:,_interopRequireDefault
FN:,_classCallCheck
FN:,_possibleConstructorReturn
FN:,_inherits
FN:,(anonymous_8)
FN:,ItemsTableItem
FN:,render
FNF:10
FNH:10
FNDA:1,(anonymous_1)
FNDA:1,defineProperties
FNDA:1,(anonymous_3)
FNDA:1,_interopRequireDefault
FNDA:3,_classCallCheck
FNDA:3,_possibleConstructorReturn
FNDA:1,_inherits
FNDA:1,(anonymous_8)
FNDA:3,ItemsTableItem
FNDA:3,render
DA:1,3
DA:3,3
DA:5,3
DA:6,1
DA:9,2
DA:35,1
LF:6
LH:6
BRDA:,1,0,1
BRDA:,1,1,1
BRDA:,2,0,1
BRDA:,2,1,0
BRDA:,3,0,1
BRDA:,3,1,0
BRDA:,4,0,0
BRDA:,4,1,1
BRDA:,5,0,0
BRDA:,5,1,1
BRDA:,6,0,1
BRDA:,6,1,1
BRDA:,7,0,0
BRDA:,7,1,3
BRDA:,8,0,0
BRDA:,8,1,3
BRDA:,9,0,0
BRDA:,9,1,3
BRDA:,10,0,3
BRDA:,10,1,0
BRDA:,10,2,0
BRDA:,11,0,0
BRDA:,11,1,1
BRDA:,12,0,1
BRDA:,12,1,0
BRDA:,13,0,1
BRDA:,13,1,1
BRDA:,14,0,1
BRDA:,14,1,0
BRDA:,15,0,1
BRDA:,15,1,0
BRDA:,16,0,3
BRDA:,16,1,0
BRDA:,17,0,1
BRDA:,17,1,2
BRDA:,18,0,1
BRDA:,18,1,1
BRF:37
BRH:23
end_of_record
TN:
SF:/Users/rsantos/locawebstyle-tray/js/components/Alert.jsx
FN:,(anonymous_1)
FN:,defineProperties
FN:,(anonymous_3)
FN:,_interopRequireDefault
FN:,_classCallCheck
FN:,_possibleConstructorReturn
FN:,_inherits
FN:,(anonymous_8)
FN:,Alert
FN:,componentDidMount
FN:,checkAlert
FN:,render
FNF:12
FNH:12
FNDA:1,(anonymous_1)
FNDA:1,defineProperties
FNDA:1,(anonymous_3)
FNDA:1,_interopRequireDefault
FNDA:3,_classCallCheck
FNDA:3,_possibleConstructorReturn
FNDA:1,_inherits
FNDA:1,(anonymous_8)
FNDA:3,Alert
FNDA:3,componentDidMount
FNDA:3,checkAlert
FNDA:3,render
DA:1,3
DA:3,3
DA:6,3
DA:10,3
DA:14,3
DA:15,0
DA:18,3
DA:19,3
DA:21,3
DA:22,1
DA:26,1
DA:29,3
DA:35,1
LF:13
LH:12
BRDA:,1,0,3
BRDA:,1,1,3
BRDA:,2,0,3
BRDA:,2,1,0
BRDA:,3,0,1
BRDA:,3,1,0
BRDA:,4,0,0
BRDA:,4,1,1
BRDA:,5,0,0
BRDA:,5,1,1
BRDA:,6,0,1
BRDA:,6,1,1
BRDA:,7,0,0
BRDA:,7,1,3
BRDA:,8,0,0
BRDA:,8,1,3
BRDA:,9,0,0
BRDA:,9,1,3
BRDA:,10,0,3
BRDA:,10,1,0
BRDA:,10,2,0
BRDA:,11,0,0
BRDA:,11,1,1
BRDA:,12,0,1
BRDA:,12,1,0
BRDA:,13,0,1
BRDA:,13,1,1
BRDA:,14,0,1
BRDA:,14,1,0
BRDA:,15,0,1
BRDA:,15,1,0
BRDA:,16,0,3
BRDA:,16,1,0
BRDA:,17,0,3
BRDA:,17,1,3
BRDA:,18,0,0
BRDA:,18,1,3
BRDA:,19,0,1
BRDA:,19,1,2
BRF:39
BRH:24
end_of_record
