<?xml version="1.0" encoding="UTF-8"?>
<coverage generated="1472517939820" clover="3.2.0">
	<project timestamp="1472517939820"  name="All Files" >
		<metrics statements="43"  coveredstatements="42"  conditionals="202"  coveredconditionals="119"  methods="62"  coveredmethods="62"  elements="307"  coveredelements="223"  complexity="0"  packages="2"  files="6"  classes="6"  loc="274"  ncloc="274" />
		<package name="components" >
			<metrics statements="31"  coveredstatements="30"  conditionals="136"  coveredconditionals="80"  methods="42"  coveredmethods="42" />
			<file name="Alert.jsx"  path="/Users/richardsantos/projects/locawebstyle-tray/js/components/Alert.jsx" >
				<metrics statements="14"  coveredstatements="13"  conditionals="39"  coveredconditionals="24"  methods="12"  coveredmethods="12" />
				<line num="1"  count="3"  type="stmt" />
				<line num="3"  count="3"  type="stmt" />
				<line num="6"  count="3"  type="stmt" />
				<line num="7"  count="3"  type="stmt" />
				<line num="11"  count="3"  type="stmt" />
				<line num="15"  count="3"  type="stmt" />
				<line num="16"  count="0"  type="stmt" />
				<line num="19"  count="3"  type="stmt" />
				<line num="20"  count="3"  type="stmt" />
				<line num="22"  count="3"  type="stmt" />
				<line num="23"  count="1"  type="stmt" />
				<line num="27"  count="1"  type="stmt" />
				<line num="30"  count="3"  type="stmt" />
				<line num="36"  count="1"  type="stmt" />
			</file>
			<file name="Breadcrumb.jsx"  path="/Users/richardsantos/projects/locawebstyle-tray/js/components/Breadcrumb.jsx" >
				<metrics statements="7"  coveredstatements="7"  conditionals="31"  coveredconditionals="18"  methods="9"  coveredmethods="9" />
				<line num="1"  count="1"  type="stmt" />
				<line num="3"  count="3"  type="stmt" />
				<line num="9"  count="3"  type="stmt" />
				<line num="11"  count="3"  type="stmt" />
				<line num="12"  count="1"  type="stmt" />
				<line num="15"  count="2"  type="stmt" />
				<line num="30"  count="1"  type="stmt" />
			</file>
			<file name="Header.jsx"  path="/Users/richardsantos/projects/locawebstyle-tray/js/components/Header.jsx" >
				<metrics statements="4"  coveredstatements="4"  conditionals="33"  coveredconditionals="19"  methods="10"  coveredmethods="10" />
				<line num="1"  count="1"  type="stmt" />
				<line num="3"  count="1"  type="stmt" />
				<line num="5"  count="1"  type="stmt" />
				<line num="94"  count="1"  type="stmt" />
			</file>
			<file name="Modal.jsx"  path="/Users/richardsantos/projects/locawebstyle-tray/js/components/Modal.jsx" >
				<metrics statements="6"  coveredstatements="6"  conditionals="33"  coveredconditionals="19"  methods="11"  coveredmethods="11" />
				<line num="1"  count="2"  type="stmt" />
				<line num="3"  count="1"  type="stmt" />
				<line num="6"  count="1"  type="stmt" />
				<line num="7"  count="1"  type="stmt" />
				<line num="11"  count="1"  type="stmt" />
				<line num="37"  count="1"  type="stmt" />
			</file>
		</package>
		<package name="pages.partials" >
			<metrics statements="12"  coveredstatements="12"  conditionals="66"  coveredconditionals="39"  methods="20"  coveredmethods="20" />
			<file name="ItemsEmpty.jsx"  path="/Users/richardsantos/projects/locawebstyle-tray/js/pages/partials/ItemsEmpty.jsx" >
				<metrics statements="6"  coveredstatements="6"  conditionals="29"  coveredconditionals="16"  methods="10"  coveredmethods="10" />
				<line num="1"  count="2"  type="stmt" />
				<line num="2"  count="2"  type="stmt" />
				<line num="4"  count="2"  type="stmt" />
				<line num="7"  count="2"  type="stmt" />
				<line num="11"  count="2"  type="stmt" />
				<line num="42"  count="1"  type="stmt" />
			</file>
			<file name="ItemsTableItem.jsx"  path="/Users/richardsantos/projects/locawebstyle-tray/js/pages/partials/ItemsTableItem.jsx" >
				<metrics statements="6"  coveredstatements="6"  conditionals="37"  coveredconditionals="23"  methods="10"  coveredmethods="10" />
				<line num="1"  count="3"  type="stmt" />
				<line num="3"  count="3"  type="stmt" />
				<line num="5"  count="3"  type="stmt" />
				<line num="6"  count="1"  type="stmt" />
				<line num="9"  count="2"  type="stmt" />
				<line num="35"  count="1"  type="stmt" />
			</file>
		</package>
	</project>
</coverage>
