{
"/Users/richardsantos/projects/locawebstyle-tray/js/components/Header.jsx":{"path":"/Users/richardsantos/projects/locawebstyle-tray/js/components/Header.jsx","statementMap":{"1":{"start":{"line":1,"column":39},"end":{"line":1,"column":101}},"2":{"start":{"line":1,"column":120},"end":{"line":1,"column":649}},"3":{"start":{"line":1,"column":175},"end":{"line":1,"column":440}},"4":{"start":{"line":1,"column":232},"end":{"line":1,"column":240}},"5":{"start":{"line":1,"column":241},"end":{"line":1,"column":296}},"6":{"start":{"line":1,"column":296},"end":{"line":1,"column":327}},"7":{"start":{"line":1,"column":327},"end":{"line":1,"column":381}},"8":{"start":{"line":1,"column":354},"end":{"line":1,"column":381}},"9":{"start":{"line":1,"column":381},"end":{"line":1,"column":439}},"10":{"start":{"line":1,"column":441},"end":{"line":1,"column":646}},"11":{"start":{"line":1,"column":497},"end":{"line":1,"column":565}},"12":{"start":{"line":1,"column":513},"end":{"line":1,"column":565}},"13":{"start":{"line":1,"column":565},"end":{"line":1,"column":625}},"14":{"start":{"line":1,"column":582},"end":{"line":1,"column":625}},"15":{"start":{"line":1,"column":625},"end":{"line":1,"column":644}},"16":{"start":{"line":1,"column":816},"end":{"line":1,"column":870}},"17":{"start":{"line":1,"column":920},"end":{"line":1,"column":1019}},"18":{"start":{"line":1,"column":961},"end":{"line":1,"column":1018}},"19":{"start":{"line":1,"column":1069},"end":{"line":1,"column":1168}},"20":{"start":{"line":1,"column":1081},"end":{"line":1,"column":1167}},"21":{"start":{"line":1,"column":1168},"end":{"line":1,"column":1254}},"22":{"start":{"line":1,"column":1297},"end":{"line":1,"column":1460}},"23":{"start":{"line":1,"column":1359},"end":{"line":1,"column":1459}},"24":{"start":{"line":1,"column":1460},"end":{"line":1,"column":1624}},"25":{"start":{"line":1,"column":1624},"end":{"line":1,"column":1742}},"26":{"start":{"line":1,"column":1640},"end":{"line":1,"column":1742}},"27":{"start":{"line":3,"column":9},"end":{"line":94,"column":83}},"28":{"start":{"line":3,"column":38},"end":{"line":3,"column":74}},"29":{"start":{"line":3,"column":93},"end":{"line":3,"column":123}},"30":{"start":{"line":3,"column":123},"end":{"line":3,"column":239}},"31":{"start":{"line":3,"column":240},"end":{"line":94,"column":14}},"32":{"start":{"line":5,"column":12},"end":{"line":88,"column":324}},"33":{"start":{"line":94,"column":14},"end":{"line":94,"column":28}}},"fnMap":{"1":{"name":"(anonymous_1)","decl":{"start":{"line":1,"column":120},"end":{"line":1,"column":121}},"loc":{"start":{"line":1,"column":132},"end":{"line":1,"column":647}}},"2":{"name":"defineProperties","decl":{"start":{"line":1,"column":142},"end":{"line":1,"column":158}},"loc":{"start":{"line":1,"column":174},"end":{"line":1,"column":441}}},"3":{"name":"(anonymous_3)","decl":{"start":{"line":1,"column":448},"end":{"line":1,"column":449}},"loc":{"start":{"line":1,"column":496},"end":{"line":1,"column":645}}},"4":{"name":"_interopRequireDefault","decl":{"start":{"line":1,"column":787},"end":{"line":1,"column":809}},"loc":{"start":{"line":1,"column":815},"end":{"line":1,"column":871}}},"5":{"name":"_classCallCheck","decl":{"start":{"line":1,"column":880},"end":{"line":1,"column":895}},"loc":{"start":{"line":1,"column":919},"end":{"line":1,"column":1020}}},"6":{"name":"_possibleConstructorReturn","decl":{"start":{"line":1,"column":1029},"end":{"line":1,"column":1055}},"loc":{"start":{"line":1,"column":1068},"end":{"line":1,"column":1255}}},"7":{"name":"_inherits","decl":{"start":{"line":1,"column":1264},"end":{"line":1,"column":1273}},"loc":{"start":{"line":1,"column":1296},"end":{"line":1,"column":1743}}},"8":{"name":"(anonymous_8)","decl":{"start":{"line":3,"column":9},"end":{"line":3,"column":10}},"loc":{"start":{"line":3,"column":37},"end":{"line":94,"column":29}}},"9":{"name":"Header","decl":{"start":{"line":3,"column":83},"end":{"line":3,"column":89}},"loc":{"start":{"line":3,"column":92},"end":{"line":3,"column":240}}},"10":{"name":"render","decl":{"start":{"line":3,"column":295},"end":{"line":3,"column":301}},"loc":{"start":{"line":4,"column":8},"end":{"line":94,"column":9}}}},"branchMap":{"1":{"loc":{"start":{"line":1,"column":265},"end":{"line":1,"column":295}},"type":"binary-expr","locations":[{"start":{"line":1,"column":265},"end":{"line":1,"column":286}},{"start":{"line":1,"column":290},"end":{"line":1,"column":295}}]},"2":{"loc":{"start":{"line":1,"column":327},"end":{"line":1,"column":381}},"type":"if","locations":[{"start":{"line":1,"column":327},"end":{"line":1,"column":381}},{"start":{"line":1,"column":327},"end":{"line":1,"column":381}}]},"3":{"loc":{"start":{"line":1,"column":497},"end":{"line":1,"column":565}},"type":"if","locations":[{"start":{"line":1,"column":497},"end":{"line":1,"column":565}},{"start":{"line":1,"column":497},"end":{"line":1,"column":565}}]},"4":{"loc":{"start":{"line":1,"column":565},"end":{"line":1,"column":625}},"type":"if","locations":[{"start":{"line":1,"column":565},"end":{"line":1,"column":625}},{"start":{"line":1,"column":565},"end":{"line":1,"column":625}}]},"5":{"loc":{"start":{"line":1,"column":823},"end":{"line":1,"column":869}},"type":"cond-expr","locations":[{"start":{"line":1,"column":847},"end":{"line":1,"column":850}},{"start":{"line":1,"column":853},"end":{"line":1,"column":869}}]},"6":{"loc":{"start":{"line":1,"column":823},"end":{"line":1,"column":844}},"type":"binary-expr","locations":[{"start":{"line":1,"column":823},"end":{"line":1,"column":826}},{"start":{"line":1,"column":830},"end":{"line":1,"column":844}}]},"7":{"loc":{"start":{"line":1,"column":920},"end":{"line":1,"column":1019}},"type":"if","locations":[{"start":{"line":1,"column":920},"end":{"line":1,"column":1019}},{"start":{"line":1,"column":920},"end":{"line":1,"column":1019}}]},"8":{"loc":{"start":{"line":1,"column":1069},"end":{"line":1,"column":1168}},"type":"if","locations":[{"start":{"line":1,"column":1069},"end":{"line":1,"column":1168}},{"start":{"line":1,"column":1069},"end":{"line":1,"column":1168}}]},"9":{"loc":{"start":{"line":1,"column":1175},"end":{"line":1,"column":1253}},"type":"cond-expr","locations":[{"start":{"line":1,"column":1242},"end":{"line":1,"column":1246}},{"start":{"line":1,"column":1249},"end":{"line":1,"column":1253}}]},"10":{"loc":{"start":{"line":1,"column":1175},"end":{"line":1,"column":1239}},"type":"binary-expr","locations":[{"start":{"line":1,"column":1175},"end":{"line":1,"column":1179}},{"start":{"line":1,"column":1184},"end":{"line":1,"column":1208}},{"start":{"line":1,"column":1212},"end":{"line":1,"column":1238}}]},"11":{"loc":{"start":{"line":1,"column":1297},"end":{"line":1,"column":1460}},"type":"if","locations":[{"start":{"line":1,"column":1297},"end":{"line":1,"column":1460}},{"start":{"line":1,"column":1297},"end":{"line":1,"column":1460}}]},"12":{"loc":{"start":{"line":1,"column":1301},"end":{"line":1,"column":1356}},"type":"binary-expr","locations":[{"start":{"line":1,"column":1301},"end":{"line":1,"column":1333}},{"start":{"line":1,"column":1337},"end":{"line":1,"column":1356}}]},"13":{"loc":{"start":{"line":1,"column":1495},"end":{"line":1,"column":1529}},"type":"binary-expr","locations":[{"start":{"line":1,"column":1495},"end":{"line":1,"column":1505}},{"start":{"line":1,"column":1509},"end":{"line":1,"column":1529}}]},"14":{"loc":{"start":{"line":1,"column":1624},"end":{"line":1,"column":1742}},"type":"if","locations":[{"start":{"line":1,"column":1624},"end":{"line":1,"column":1742}},{"start":{"line":1,"column":1624},"end":{"line":1,"column":1742}}]},"15":{"loc":{"start":{"line":1,"column":1640},"end":{"line":1,"column":1741}},"type":"cond-expr","locations":[{"start":{"line":1,"column":1664},"end":{"line":1,"column":1707}},{"start":{"line":1,"column":1710},"end":{"line":1,"column":1741}}]},"16":{"loc":{"start":{"line":3,"column":164},"end":{"line":3,"column":213}},"type":"binary-expr","locations":[{"start":{"line":3,"column":164},"end":{"line":3,"column":180}},{"start":{"line":3,"column":184},"end":{"line":3,"column":213}}]}},"s":{"1":1,"2":1,"3":1,"4":1,"5":1,"6":1,"7":1,"8":1,"9":1,"10":1,"11":1,"12":1,"13":1,"14":0,"15":1,"16":1,"17":1,"18":0,"19":1,"20":0,"21":1,"22":1,"23":0,"24":1,"25":1,"26":1,"27":1,"28":1,"29":1,"30":1,"31":1,"32":1,"33":1},"f":{"1":1,"2":1,"3":1,"4":1,"5":1,"6":1,"7":1,"8":1,"9":1,"10":1},"b":{"1":[1,1],"2":[1,0],"3":[1,0],"4":[0,1],"5":[0,1],"6":[1,1],"7":[0,1],"8":[0,1],"9":[0,1],"10":[1,0,0],"11":[0,1],"12":[1,0],"13":[1,1],"14":[1,0],"15":[1,0],"16":[1,0]},"hash":"02712c11d117fd674eeab3109470968aeeeb7c3c","l":{"1":1,"3":1,"5":1,"94":1}},
"/Users/richardsantos/projects/locawebstyle-tray/js/components/Alert.jsx":{"path":"/Users/richardsantos/projects/locawebstyle-tray/js/components/Alert.jsx","statementMap":{"1":{"start":{"line":1,"column":39},"end":{"line":1,"column":101}},"2":{"start":{"line":1,"column":120},"end":{"line":1,"column":649}},"3":{"start":{"line":1,"column":175},"end":{"line":1,"column":440}},"4":{"start":{"line":1,"column":232},"end":{"line":1,"column":240}},"5":{"start":{"line":1,"column":241},"end":{"line":1,"column":296}},"6":{"start":{"line":1,"column":296},"end":{"line":1,"column":327}},"7":{"start":{"line":1,"column":327},"end":{"line":1,"column":381}},"8":{"start":{"line":1,"column":354},"end":{"line":1,"column":381}},"9":{"start":{"line":1,"column":381},"end":{"line":1,"column":439}},"10":{"start":{"line":1,"column":441},"end":{"line":1,"column":646}},"11":{"start":{"line":1,"column":497},"end":{"line":1,"column":565}},"12":{"start":{"line":1,"column":513},"end":{"line":1,"column":565}},"13":{"start":{"line":1,"column":565},"end":{"line":1,"column":625}},"14":{"start":{"line":1,"column":582},"end":{"line":1,"column":625}},"15":{"start":{"line":1,"column":625},"end":{"line":1,"column":644}},"16":{"start":{"line":1,"column":816},"end":{"line":1,"column":870}},"17":{"start":{"line":1,"column":920},"end":{"line":1,"column":1019}},"18":{"start":{"line":1,"column":961},"end":{"line":1,"column":1018}},"19":{"start":{"line":1,"column":1069},"end":{"line":1,"column":1168}},"20":{"start":{"line":1,"column":1081},"end":{"line":1,"column":1167}},"21":{"start":{"line":1,"column":1168},"end":{"line":1,"column":1254}},"22":{"start":{"line":1,"column":1297},"end":{"line":1,"column":1460}},"23":{"start":{"line":1,"column":1359},"end":{"line":1,"column":1459}},"24":{"start":{"line":1,"column":1460},"end":{"line":1,"column":1624}},"25":{"start":{"line":1,"column":1624},"end":{"line":1,"column":1742}},"26":{"start":{"line":1,"column":1640},"end":{"line":1,"column":1742}},"27":{"start":{"line":3,"column":8},"end":{"line":36,"column":82}},"28":{"start":{"line":3,"column":37},"end":{"line":3,"column":72}},"29":{"start":{"line":3,"column":90},"end":{"line":3,"column":119}},"30":{"start":{"line":3,"column":119},"end":{"line":3,"column":233}},"31":{"start":{"line":3,"column":234},"end":{"line":36,"column":14}},"32":{"start":{"line":6,"column":12},"end":{"line":6,"column":32}},"33":{"start":{"line":7,"column":12},"end":{"line":7,"column":22}},"34":{"start":{"line":11,"column":12},"end":{"line":11,"column":57}},"35":{"start":{"line":15,"column":12},"end":{"line":17,"column":13}},"36":{"start":{"line":16,"column":16},"end":{"line":16,"column":28}},"37":{"start":{"line":19,"column":28},"end":{"line":19,"column":66}},"38":{"start":{"line":20,"column":30},"end":{"line":20,"column":32}},"39":{"start":{"line":22,"column":12},"end":{"line":28,"column":13}},"40":{"start":{"line":23,"column":16},"end":{"line":24,"column":248}},"41":{"start":{"line":27,"column":16},"end":{"line":27,"column":47}},"42":{"start":{"line":30,"column":12},"end":{"line":33,"column":216}},"43":{"start":{"line":36,"column":14},"end":{"line":36,"column":27}}},"fnMap":{"1":{"name":"(anonymous_1)","decl":{"start":{"line":1,"column":120},"end":{"line":1,"column":121}},"loc":{"start":{"line":1,"column":132},"end":{"line":1,"column":647}}},"2":{"name":"defineProperties","decl":{"start":{"line":1,"column":142},"end":{"line":1,"column":158}},"loc":{"start":{"line":1,"column":174},"end":{"line":1,"column":441}}},"3":{"name":"(anonymous_3)","decl":{"start":{"line":1,"column":448},"end":{"line":1,"column":449}},"loc":{"start":{"line":1,"column":496},"end":{"line":1,"column":645}}},"4":{"name":"_interopRequireDefault","decl":{"start":{"line":1,"column":787},"end":{"line":1,"column":809}},"loc":{"start":{"line":1,"column":815},"end":{"line":1,"column":871}}},"5":{"name":"_classCallCheck","decl":{"start":{"line":1,"column":880},"end":{"line":1,"column":895}},"loc":{"start":{"line":1,"column":919},"end":{"line":1,"column":1020}}},"6":{"name":"_possibleConstructorReturn","decl":{"start":{"line":1,"column":1029},"end":{"line":1,"column":1055}},"loc":{"start":{"line":1,"column":1068},"end":{"line":1,"column":1255}}},"7":{"name":"_inherits","decl":{"start":{"line":1,"column":1264},"end":{"line":1,"column":1273}},"loc":{"start":{"line":1,"column":1296},"end":{"line":1,"column":1743}}},"8":{"name":"(anonymous_8)","decl":{"start":{"line":3,"column":8},"end":{"line":3,"column":9}},"loc":{"start":{"line":3,"column":36},"end":{"line":36,"column":28}}},"9":{"name":"Alert","decl":{"start":{"line":3,"column":81},"end":{"line":3,"column":86}},"loc":{"start":{"line":3,"column":89},"end":{"line":3,"column":234}}},"10":{"name":"componentDidMount","decl":{"start":{"line":3,"column":299},"end":{"line":3,"column":316}},"loc":{"start":{"line":5,"column":8},"end":{"line":8,"column":9}}},"11":{"name":"checkAlert","decl":{"start":{"line":8,"column":50},"end":{"line":8,"column":60}},"loc":{"start":{"line":10,"column":8},"end":{"line":12,"column":9}}},"12":{"name":"render","decl":{"start":{"line":12,"column":46},"end":{"line":12,"column":52}},"loc":{"start":{"line":14,"column":8},"end":{"line":36,"column":9}}}},"branchMap":{"1":{"loc":{"start":{"line":1,"column":265},"end":{"line":1,"column":295}},"type":"binary-expr","locations":[{"start":{"line":1,"column":265},"end":{"line":1,"column":286}},{"start":{"line":1,"column":290},"end":{"line":1,"column":295}}]},"2":{"loc":{"start":{"line":1,"column":327},"end":{"line":1,"column":381}},"type":"if","locations":[{"start":{"line":1,"column":327},"end":{"line":1,"column":381}},{"start":{"line":1,"column":327},"end":{"line":1,"column":381}}]},"3":{"loc":{"start":{"line":1,"column":497},"end":{"line":1,"column":565}},"type":"if","locations":[{"start":{"line":1,"column":497},"end":{"line":1,"column":565}},{"start":{"line":1,"column":497},"end":{"line":1,"column":565}}]},"4":{"loc":{"start":{"line":1,"column":565},"end":{"line":1,"column":625}},"type":"if","locations":[{"start":{"line":1,"column":565},"end":{"line":1,"column":625}},{"start":{"line":1,"column":565},"end":{"line":1,"column":625}}]},"5":{"loc":{"start":{"line":1,"column":823},"end":{"line":1,"column":869}},"type":"cond-expr","locations":[{"start":{"line":1,"column":847},"end":{"line":1,"column":850}},{"start":{"line":1,"column":853},"end":{"line":1,"column":869}}]},"6":{"loc":{"start":{"line":1,"column":823},"end":{"line":1,"column":844}},"type":"binary-expr","locations":[{"start":{"line":1,"column":823},"end":{"line":1,"column":826}},{"start":{"line":1,"column":830},"end":{"line":1,"column":844}}]},"7":{"loc":{"start":{"line":1,"column":920},"end":{"line":1,"column":1019}},"type":"if","locations":[{"start":{"line":1,"column":920},"end":{"line":1,"column":1019}},{"start":{"line":1,"column":920},"end":{"line":1,"column":1019}}]},"8":{"loc":{"start":{"line":1,"column":1069},"end":{"line":1,"column":1168}},"type":"if","locations":[{"start":{"line":1,"column":1069},"end":{"line":1,"column":1168}},{"start":{"line":1,"column":1069},"end":{"line":1,"column":1168}}]},"9":{"loc":{"start":{"line":1,"column":1175},"end":{"line":1,"column":1253}},"type":"cond-expr","locations":[{"start":{"line":1,"column":1242},"end":{"line":1,"column":1246}},{"start":{"line":1,"column":1249},"end":{"line":1,"column":1253}}]},"10":{"loc":{"start":{"line":1,"column":1175},"end":{"line":1,"column":1239}},"type":"binary-expr","locations":[{"start":{"line":1,"column":1175},"end":{"line":1,"column":1179}},{"start":{"line":1,"column":1184},"end":{"line":1,"column":1208}},{"start":{"line":1,"column":1212},"end":{"line":1,"column":1238}}]},"11":{"loc":{"start":{"line":1,"column":1297},"end":{"line":1,"column":1460}},"type":"if","locations":[{"start":{"line":1,"column":1297},"end":{"line":1,"column":1460}},{"start":{"line":1,"column":1297},"end":{"line":1,"column":1460}}]},"12":{"loc":{"start":{"line":1,"column":1301},"end":{"line":1,"column":1356}},"type":"binary-expr","locations":[{"start":{"line":1,"column":1301},"end":{"line":1,"column":1333}},{"start":{"line":1,"column":1337},"end":{"line":1,"column":1356}}]},"13":{"loc":{"start":{"line":1,"column":1495},"end":{"line":1,"column":1529}},"type":"binary-expr","locations":[{"start":{"line":1,"column":1495},"end":{"line":1,"column":1505}},{"start":{"line":1,"column":1509},"end":{"line":1,"column":1529}}]},"14":{"loc":{"start":{"line":1,"column":1624},"end":{"line":1,"column":1742}},"type":"if","locations":[{"start":{"line":1,"column":1624},"end":{"line":1,"column":1742}},{"start":{"line":1,"column":1624},"end":{"line":1,"column":1742}}]},"15":{"loc":{"start":{"line":1,"column":1640},"end":{"line":1,"column":1741}},"type":"cond-expr","locations":[{"start":{"line":1,"column":1664},"end":{"line":1,"column":1707}},{"start":{"line":1,"column":1710},"end":{"line":1,"column":1741}}]},"16":{"loc":{"start":{"line":3,"column":160},"end":{"line":3,"column":207}},"type":"binary-expr","locations":[{"start":{"line":3,"column":160},"end":{"line":3,"column":175}},{"start":{"line":3,"column":179},"end":{"line":3,"column":207}}]},"17":{"loc":{"start":{"line":11,"column":19},"end":{"line":11,"column":56}},"type":"binary-expr","locations":[{"start":{"line":11,"column":19},"end":{"line":11,"column":37}},{"start":{"line":11,"column":41},"end":{"line":11,"column":56}}]},"18":{"loc":{"start":{"line":15,"column":12},"end":{"line":17,"column":13}},"type":"if","locations":[{"start":{"line":15,"column":12},"end":{"line":17,"column":13}},{"start":{"line":15,"column":12},"end":{"line":17,"column":13}}]},"19":{"loc":{"start":{"line":22,"column":12},"end":{"line":28,"column":13}},"type":"if","locations":[{"start":{"line":22,"column":12},"end":{"line":28,"column":13}},{"start":{"line":22,"column":12},"end":{"line":28,"column":13}}]}},"s":{"1":1,"2":1,"3":1,"4":3,"5":3,"6":3,"7":3,"8":3,"9":3,"10":1,"11":1,"12":1,"13":1,"14":0,"15":1,"16":1,"17":3,"18":0,"19":3,"20":0,"21":3,"22":1,"23":0,"24":1,"25":1,"26":1,"27":1,"28":1,"29":3,"30":3,"31":1,"32":3,"33":3,"34":3,"35":3,"36":0,"37":3,"38":3,"39":3,"40":1,"41":1,"42":3,"43":1},"f":{"1":1,"2":1,"3":1,"4":1,"5":3,"6":3,"7":1,"8":1,"9":3,"10":3,"11":3,"12":3},"b":{"1":[3,3],"2":[3,0],"3":[1,0],"4":[0,1],"5":[0,1],"6":[1,1],"7":[0,3],"8":[0,3],"9":[0,3],"10":[3,0,0],"11":[0,1],"12":[1,0],"13":[1,1],"14":[1,0],"15":[1,0],"16":[3,0],"17":[3,3],"18":[0,3],"19":[1,2]},"hash":"f23b817a47969bb1ac1009e625663929e9e7d027","l":{"1":3,"3":3,"6":3,"7":3,"11":3,"15":3,"16":0,"19":3,"20":3,"22":3,"23":1,"27":1,"30":3,"36":1}},
"/Users/richardsantos/projects/locawebstyle-tray/js/components/Breadcrumb.jsx":{"path":"/Users/richardsantos/projects/locawebstyle-tray/js/components/Breadcrumb.jsx","statementMap":{"1":{"start":{"line":1,"column":39},"end":{"line":1,"column":101}},"2":{"start":{"line":1,"column":120},"end":{"line":1,"column":649}},"3":{"start":{"line":1,"column":175},"end":{"line":1,"column":440}},"4":{"start":{"line":1,"column":232},"end":{"line":1,"column":240}},"5":{"start":{"line":1,"column":241},"end":{"line":1,"column":296}},"6":{"start":{"line":1,"column":296},"end":{"line":1,"column":327}},"7":{"start":{"line":1,"column":327},"end":{"line":1,"column":381}},"8":{"start":{"line":1,"column":354},"end":{"line":1,"column":381}},"9":{"start":{"line":1,"column":381},"end":{"line":1,"column":439}},"10":{"start":{"line":1,"column":441},"end":{"line":1,"column":646}},"11":{"start":{"line":1,"column":497},"end":{"line":1,"column":565}},"12":{"start":{"line":1,"column":513},"end":{"line":1,"column":565}},"13":{"start":{"line":1,"column":565},"end":{"line":1,"column":625}},"14":{"start":{"line":1,"column":582},"end":{"line":1,"column":625}},"15":{"start":{"line":1,"column":625},"end":{"line":1,"column":644}},"16":{"start":{"line":3,"column":238},"end":{"line":3,"column":337}},"17":{"start":{"line":3,"column":279},"end":{"line":3,"column":336}},"18":{"start":{"line":3,"column":387},"end":{"line":3,"column":486}},"19":{"start":{"line":3,"column":399},"end":{"line":3,"column":485}},"20":{"start":{"line":3,"column":486},"end":{"line":3,"column":572}},"21":{"start":{"line":3,"column":615},"end":{"line":3,"column":778}},"22":{"start":{"line":3,"column":677},"end":{"line":3,"column":777}},"23":{"start":{"line":3,"column":778},"end":{"line":3,"column":942}},"24":{"start":{"line":3,"column":942},"end":{"line":3,"column":1060}},"25":{"start":{"line":3,"column":958},"end":{"line":3,"column":1060}},"26":{"start":{"line":9,"column":13},"end":{"line":30,"column":87}},"27":{"start":{"line":9,"column":42},"end":{"line":9,"column":82}},"28":{"start":{"line":9,"column":105},"end":{"line":9,"column":139}},"29":{"start":{"line":9,"column":139},"end":{"line":9,"column":263}},"30":{"start":{"line":9,"column":264},"end":{"line":30,"column":14}},"31":{"start":{"line":11,"column":12},"end":{"line":13,"column":13}},"32":{"start":{"line":12,"column":16},"end":{"line":12,"column":60}},"33":{"start":{"line":15,"column":12},"end":{"line":26,"column":44}},"34":{"start":{"line":30,"column":14},"end":{"line":30,"column":32}}},"fnMap":{"1":{"name":"(anonymous_1)","decl":{"start":{"line":1,"column":120},"end":{"line":1,"column":121}},"loc":{"start":{"line":1,"column":132},"end":{"line":1,"column":647}}},"2":{"name":"defineProperties","decl":{"start":{"line":1,"column":142},"end":{"line":1,"column":158}},"loc":{"start":{"line":1,"column":174},"end":{"line":1,"column":441}}},"3":{"name":"(anonymous_3)","decl":{"start":{"line":1,"column":448},"end":{"line":1,"column":449}},"loc":{"start":{"line":1,"column":496},"end":{"line":1,"column":645}}},"4":{"name":"_classCallCheck","decl":{"start":{"line":3,"column":198},"end":{"line":3,"column":213}},"loc":{"start":{"line":3,"column":237},"end":{"line":3,"column":338}}},"5":{"name":"_possibleConstructorReturn","decl":{"start":{"line":3,"column":347},"end":{"line":3,"column":373}},"loc":{"start":{"line":3,"column":386},"end":{"line":3,"column":573}}},"6":{"name":"_inherits","decl":{"start":{"line":3,"column":582},"end":{"line":3,"column":591}},"loc":{"start":{"line":3,"column":614},"end":{"line":3,"column":1061}}},"7":{"name":"(anonymous_7)","decl":{"start":{"line":9,"column":13},"end":{"line":9,"column":14}},"loc":{"start":{"line":9,"column":41},"end":{"line":30,"column":33}}},"8":{"name":"Breadcrumb","decl":{"start":{"line":9,"column":91},"end":{"line":9,"column":101}},"loc":{"start":{"line":9,"column":104},"end":{"line":9,"column":264}}},"9":{"name":"render","decl":{"start":{"line":9,"column":323},"end":{"line":9,"column":329}},"loc":{"start":{"line":10,"column":8},"end":{"line":30,"column":9}}}},"branchMap":{"1":{"loc":{"start":{"line":1,"column":265},"end":{"line":1,"column":295}},"type":"binary-expr","locations":[{"start":{"line":1,"column":265},"end":{"line":1,"column":286}},{"start":{"line":1,"column":290},"end":{"line":1,"column":295}}]},"2":{"loc":{"start":{"line":1,"column":327},"end":{"line":1,"column":381}},"type":"if","locations":[{"start":{"line":1,"column":327},"end":{"line":1,"column":381}},{"start":{"line":1,"column":327},"end":{"line":1,"column":381}}]},"3":{"loc":{"start":{"line":1,"column":497},"end":{"line":1,"column":565}},"type":"if","locations":[{"start":{"line":1,"column":497},"end":{"line":1,"column":565}},{"start":{"line":1,"column":497},"end":{"line":1,"column":565}}]},"4":{"loc":{"start":{"line":1,"column":565},"end":{"line":1,"column":625}},"type":"if","locations":[{"start":{"line":1,"column":565},"end":{"line":1,"column":625}},{"start":{"line":1,"column":565},"end":{"line":1,"column":625}}]},"5":{"loc":{"start":{"line":3,"column":238},"end":{"line":3,"column":337}},"type":"if","locations":[{"start":{"line":3,"column":238},"end":{"line":3,"column":337}},{"start":{"line":3,"column":238},"end":{"line":3,"column":337}}]},"6":{"loc":{"start":{"line":3,"column":387},"end":{"line":3,"column":486}},"type":"if","locations":[{"start":{"line":3,"column":387},"end":{"line":3,"column":486}},{"start":{"line":3,"column":387},"end":{"line":3,"column":486}}]},"7":{"loc":{"start":{"line":3,"column":493},"end":{"line":3,"column":571}},"type":"cond-expr","locations":[{"start":{"line":3,"column":560},"end":{"line":3,"column":564}},{"start":{"line":3,"column":567},"end":{"line":3,"column":571}}]},"8":{"loc":{"start":{"line":3,"column":493},"end":{"line":3,"column":557}},"type":"binary-expr","locations":[{"start":{"line":3,"column":493},"end":{"line":3,"column":497}},{"start":{"line":3,"column":502},"end":{"line":3,"column":526}},{"start":{"line":3,"column":530},"end":{"line":3,"column":556}}]},"9":{"loc":{"start":{"line":3,"column":615},"end":{"line":3,"column":778}},"type":"if","locations":[{"start":{"line":3,"column":615},"end":{"line":3,"column":778}},{"start":{"line":3,"column":615},"end":{"line":3,"column":778}}]},"10":{"loc":{"start":{"line":3,"column":619},"end":{"line":3,"column":674}},"type":"binary-expr","locations":[{"start":{"line":3,"column":619},"end":{"line":3,"column":651}},{"start":{"line":3,"column":655},"end":{"line":3,"column":674}}]},"11":{"loc":{"start":{"line":3,"column":813},"end":{"line":3,"column":847}},"type":"binary-expr","locations":[{"start":{"line":3,"column":813},"end":{"line":3,"column":823}},{"start":{"line":3,"column":827},"end":{"line":3,"column":847}}]},"12":{"loc":{"start":{"line":3,"column":942},"end":{"line":3,"column":1060}},"type":"if","locations":[{"start":{"line":3,"column":942},"end":{"line":3,"column":1060}},{"start":{"line":3,"column":942},"end":{"line":3,"column":1060}}]},"13":{"loc":{"start":{"line":3,"column":958},"end":{"line":3,"column":1059}},"type":"cond-expr","locations":[{"start":{"line":3,"column":982},"end":{"line":3,"column":1025}},{"start":{"line":3,"column":1028},"end":{"line":3,"column":1059}}]},"14":{"loc":{"start":{"line":9,"column":180},"end":{"line":9,"column":237}},"type":"binary-expr","locations":[{"start":{"line":9,"column":180},"end":{"line":9,"column":200}},{"start":{"line":9,"column":204},"end":{"line":9,"column":237}}]},"15":{"loc":{"start":{"line":11,"column":12},"end":{"line":13,"column":13}},"type":"if","locations":[{"start":{"line":11,"column":12},"end":{"line":13,"column":13}},{"start":{"line":11,"column":12},"end":{"line":13,"column":13}}]}},"s":{"1":1,"2":1,"3":1,"4":1,"5":1,"6":1,"7":1,"8":1,"9":1,"10":1,"11":1,"12":1,"13":1,"14":0,"15":1,"16":3,"17":0,"18":3,"19":0,"20":3,"21":1,"22":0,"23":1,"24":1,"25":1,"26":1,"27":1,"28":3,"29":3,"30":1,"31":3,"32":1,"33":2,"34":1},"f":{"1":1,"2":1,"3":1,"4":3,"5":3,"6":1,"7":1,"8":3,"9":3},"b":{"1":[1,1],"2":[1,0],"3":[1,0],"4":[0,1],"5":[0,3],"6":[0,3],"7":[0,3],"8":[3,0,0],"9":[0,1],"10":[1,0],"11":[1,1],"12":[1,0],"13":[1,0],"14":[3,0],"15":[1,2]},"hash":"44f7de6c8ea69a7e6bd0e719e7c6742e625d8bb5","l":{"1":1,"3":3,"9":3,"11":3,"12":1,"15":2,"30":1}},
"/Users/richardsantos/projects/locawebstyle-tray/js/pages/partials/ItemsEmpty.jsx":{"path":"/Users/richardsantos/projects/locawebstyle-tray/js/pages/partials/ItemsEmpty.jsx","statementMap":{"1":{"start":{"line":1,"column":39},"end":{"line":1,"column":101}},"2":{"start":{"line":1,"column":120},"end":{"line":1,"column":649}},"3":{"start":{"line":1,"column":175},"end":{"line":1,"column":440}},"4":{"start":{"line":1,"column":232},"end":{"line":1,"column":240}},"5":{"start":{"line":1,"column":241},"end":{"line":1,"column":296}},"6":{"start":{"line":1,"column":296},"end":{"line":1,"column":327}},"7":{"start":{"line":1,"column":327},"end":{"line":1,"column":381}},"8":{"start":{"line":1,"column":354},"end":{"line":1,"column":381}},"9":{"start":{"line":1,"column":381},"end":{"line":1,"column":439}},"10":{"start":{"line":1,"column":441},"end":{"line":1,"column":646}},"11":{"start":{"line":1,"column":497},"end":{"line":1,"column":565}},"12":{"start":{"line":1,"column":513},"end":{"line":1,"column":565}},"13":{"start":{"line":1,"column":565},"end":{"line":1,"column":625}},"14":{"start":{"line":1,"column":582},"end":{"line":1,"column":625}},"15":{"start":{"line":1,"column":625},"end":{"line":1,"column":644}},"16":{"start":{"line":2,"column":238},"end":{"line":2,"column":337}},"17":{"start":{"line":2,"column":279},"end":{"line":2,"column":336}},"18":{"start":{"line":2,"column":387},"end":{"line":2,"column":486}},"19":{"start":{"line":2,"column":399},"end":{"line":2,"column":485}},"20":{"start":{"line":2,"column":486},"end":{"line":2,"column":572}},"21":{"start":{"line":2,"column":615},"end":{"line":2,"column":778}},"22":{"start":{"line":2,"column":677},"end":{"line":2,"column":777}},"23":{"start":{"line":2,"column":778},"end":{"line":2,"column":942}},"24":{"start":{"line":2,"column":942},"end":{"line":2,"column":1060}},"25":{"start":{"line":2,"column":958},"end":{"line":2,"column":1060}},"26":{"start":{"line":4,"column":13},"end":{"line":42,"column":87}},"27":{"start":{"line":4,"column":42},"end":{"line":4,"column":82}},"28":{"start":{"line":4,"column":105},"end":{"line":4,"column":139}},"29":{"start":{"line":4,"column":139},"end":{"line":4,"column":263}},"30":{"start":{"line":4,"column":264},"end":{"line":42,"column":14}},"31":{"start":{"line":7,"column":12},"end":{"line":7,"column":37}},"32":{"start":{"line":11,"column":12},"end":{"line":36,"column":302}},"33":{"start":{"line":42,"column":14},"end":{"line":42,"column":32}}},"fnMap":{"1":{"name":"(anonymous_1)","decl":{"start":{"line":1,"column":120},"end":{"line":1,"column":121}},"loc":{"start":{"line":1,"column":132},"end":{"line":1,"column":647}}},"2":{"name":"defineProperties","decl":{"start":{"line":1,"column":142},"end":{"line":1,"column":158}},"loc":{"start":{"line":1,"column":174},"end":{"line":1,"column":441}}},"3":{"name":"(anonymous_3)","decl":{"start":{"line":1,"column":448},"end":{"line":1,"column":449}},"loc":{"start":{"line":1,"column":496},"end":{"line":1,"column":645}}},"4":{"name":"_classCallCheck","decl":{"start":{"line":2,"column":198},"end":{"line":2,"column":213}},"loc":{"start":{"line":2,"column":237},"end":{"line":2,"column":338}}},"5":{"name":"_possibleConstructorReturn","decl":{"start":{"line":2,"column":347},"end":{"line":2,"column":373}},"loc":{"start":{"line":2,"column":386},"end":{"line":2,"column":573}}},"6":{"name":"_inherits","decl":{"start":{"line":2,"column":582},"end":{"line":2,"column":591}},"loc":{"start":{"line":2,"column":614},"end":{"line":2,"column":1061}}},"7":{"name":"(anonymous_7)","decl":{"start":{"line":4,"column":13},"end":{"line":4,"column":14}},"loc":{"start":{"line":4,"column":41},"end":{"line":42,"column":33}}},"8":{"name":"ItemsEmpty","decl":{"start":{"line":4,"column":91},"end":{"line":4,"column":101}},"loc":{"start":{"line":4,"column":104},"end":{"line":4,"column":264}}},"9":{"name":"componentDidMount","decl":{"start":{"line":4,"column":334},"end":{"line":4,"column":351}},"loc":{"start":{"line":6,"column":8},"end":{"line":8,"column":9}}},"10":{"name":"render","decl":{"start":{"line":8,"column":46},"end":{"line":8,"column":52}},"loc":{"start":{"line":10,"column":8},"end":{"line":42,"column":9}}}},"branchMap":{"1":{"loc":{"start":{"line":1,"column":265},"end":{"line":1,"column":295}},"type":"binary-expr","locations":[{"start":{"line":1,"column":265},"end":{"line":1,"column":286}},{"start":{"line":1,"column":290},"end":{"line":1,"column":295}}]},"2":{"loc":{"start":{"line":1,"column":327},"end":{"line":1,"column":381}},"type":"if","locations":[{"start":{"line":1,"column":327},"end":{"line":1,"column":381}},{"start":{"line":1,"column":327},"end":{"line":1,"column":381}}]},"3":{"loc":{"start":{"line":1,"column":497},"end":{"line":1,"column":565}},"type":"if","locations":[{"start":{"line":1,"column":497},"end":{"line":1,"column":565}},{"start":{"line":1,"column":497},"end":{"line":1,"column":565}}]},"4":{"loc":{"start":{"line":1,"column":565},"end":{"line":1,"column":625}},"type":"if","locations":[{"start":{"line":1,"column":565},"end":{"line":1,"column":625}},{"start":{"line":1,"column":565},"end":{"line":1,"column":625}}]},"5":{"loc":{"start":{"line":2,"column":238},"end":{"line":2,"column":337}},"type":"if","locations":[{"start":{"line":2,"column":238},"end":{"line":2,"column":337}},{"start":{"line":2,"column":238},"end":{"line":2,"column":337}}]},"6":{"loc":{"start":{"line":2,"column":387},"end":{"line":2,"column":486}},"type":"if","locations":[{"start":{"line":2,"column":387},"end":{"line":2,"column":486}},{"start":{"line":2,"column":387},"end":{"line":2,"column":486}}]},"7":{"loc":{"start":{"line":2,"column":493},"end":{"line":2,"column":571}},"type":"cond-expr","locations":[{"start":{"line":2,"column":560},"end":{"line":2,"column":564}},{"start":{"line":2,"column":567},"end":{"line":2,"column":571}}]},"8":{"loc":{"start":{"line":2,"column":493},"end":{"line":2,"column":557}},"type":"binary-expr","locations":[{"start":{"line":2,"column":493},"end":{"line":2,"column":497}},{"start":{"line":2,"column":502},"end":{"line":2,"column":526}},{"start":{"line":2,"column":530},"end":{"line":2,"column":556}}]},"9":{"loc":{"start":{"line":2,"column":615},"end":{"line":2,"column":778}},"type":"if","locations":[{"start":{"line":2,"column":615},"end":{"line":2,"column":778}},{"start":{"line":2,"column":615},"end":{"line":2,"column":778}}]},"10":{"loc":{"start":{"line":2,"column":619},"end":{"line":2,"column":674}},"type":"binary-expr","locations":[{"start":{"line":2,"column":619},"end":{"line":2,"column":651}},{"start":{"line":2,"column":655},"end":{"line":2,"column":674}}]},"11":{"loc":{"start":{"line":2,"column":813},"end":{"line":2,"column":847}},"type":"binary-expr","locations":[{"start":{"line":2,"column":813},"end":{"line":2,"column":823}},{"start":{"line":2,"column":827},"end":{"line":2,"column":847}}]},"12":{"loc":{"start":{"line":2,"column":942},"end":{"line":2,"column":1060}},"type":"if","locations":[{"start":{"line":2,"column":942},"end":{"line":2,"column":1060}},{"start":{"line":2,"column":942},"end":{"line":2,"column":1060}}]},"13":{"loc":{"start":{"line":2,"column":958},"end":{"line":2,"column":1059}},"type":"cond-expr","locations":[{"start":{"line":2,"column":982},"end":{"line":2,"column":1025}},{"start":{"line":2,"column":1028},"end":{"line":2,"column":1059}}]},"14":{"loc":{"start":{"line":4,"column":180},"end":{"line":4,"column":237}},"type":"binary-expr","locations":[{"start":{"line":4,"column":180},"end":{"line":4,"column":200}},{"start":{"line":4,"column":204},"end":{"line":4,"column":237}}]}},"s":{"1":1,"2":1,"3":1,"4":2,"5":2,"6":2,"7":2,"8":2,"9":2,"10":1,"11":1,"12":1,"13":1,"14":0,"15":1,"16":2,"17":0,"18":2,"19":0,"20":2,"21":1,"22":0,"23":1,"24":1,"25":1,"26":1,"27":1,"28":2,"29":2,"30":1,"31":2,"32":2,"33":1},"f":{"1":1,"2":1,"3":1,"4":2,"5":2,"6":1,"7":1,"8":2,"9":2,"10":2},"b":{"1":[2,2],"2":[2,0],"3":[1,0],"4":[0,1],"5":[0,2],"6":[0,2],"7":[0,2],"8":[2,0,0],"9":[0,1],"10":[1,0],"11":[1,1],"12":[1,0],"13":[1,0],"14":[2,0]},"hash":"b83da08118846e0953e46a8e237e1eb247e84835","l":{"1":2,"2":2,"4":2,"7":2,"11":2,"42":1}},
"/Users/richardsantos/projects/locawebstyle-tray/js/pages/partials/ItemsTableItem.jsx":{"path":"/Users/richardsantos/projects/locawebstyle-tray/js/pages/partials/ItemsTableItem.jsx","statementMap":{"1":{"start":{"line":1,"column":39},"end":{"line":1,"column":101}},"2":{"start":{"line":1,"column":120},"end":{"line":1,"column":649}},"3":{"start":{"line":1,"column":175},"end":{"line":1,"column":440}},"4":{"start":{"line":1,"column":232},"end":{"line":1,"column":240}},"5":{"start":{"line":1,"column":241},"end":{"line":1,"column":296}},"6":{"start":{"line":1,"column":296},"end":{"line":1,"column":327}},"7":{"start":{"line":1,"column":327},"end":{"line":1,"column":381}},"8":{"start":{"line":1,"column":354},"end":{"line":1,"column":381}},"9":{"start":{"line":1,"column":381},"end":{"line":1,"column":439}},"10":{"start":{"line":1,"column":441},"end":{"line":1,"column":646}},"11":{"start":{"line":1,"column":497},"end":{"line":1,"column":565}},"12":{"start":{"line":1,"column":513},"end":{"line":1,"column":565}},"13":{"start":{"line":1,"column":565},"end":{"line":1,"column":625}},"14":{"start":{"line":1,"column":582},"end":{"line":1,"column":625}},"15":{"start":{"line":1,"column":625},"end":{"line":1,"column":644}},"16":{"start":{"line":1,"column":816},"end":{"line":1,"column":870}},"17":{"start":{"line":1,"column":920},"end":{"line":1,"column":1019}},"18":{"start":{"line":1,"column":961},"end":{"line":1,"column":1018}},"19":{"start":{"line":1,"column":1069},"end":{"line":1,"column":1168}},"20":{"start":{"line":1,"column":1081},"end":{"line":1,"column":1167}},"21":{"start":{"line":1,"column":1168},"end":{"line":1,"column":1254}},"22":{"start":{"line":1,"column":1297},"end":{"line":1,"column":1460}},"23":{"start":{"line":1,"column":1359},"end":{"line":1,"column":1459}},"24":{"start":{"line":1,"column":1460},"end":{"line":1,"column":1624}},"25":{"start":{"line":1,"column":1624},"end":{"line":1,"column":1742}},"26":{"start":{"line":1,"column":1640},"end":{"line":1,"column":1742}},"27":{"start":{"line":3,"column":17},"end":{"line":35,"column":91}},"28":{"start":{"line":3,"column":46},"end":{"line":3,"column":90}},"29":{"start":{"line":3,"column":117},"end":{"line":3,"column":155}},"30":{"start":{"line":3,"column":155},"end":{"line":3,"column":287}},"31":{"start":{"line":3,"column":288},"end":{"line":35,"column":14}},"32":{"start":{"line":5,"column":12},"end":{"line":7,"column":13}},"33":{"start":{"line":6,"column":16},"end":{"line":6,"column":59}},"34":{"start":{"line":9,"column":12},"end":{"line":29,"column":354}},"35":{"start":{"line":35,"column":14},"end":{"line":35,"column":36}}},"fnMap":{"1":{"name":"(anonymous_1)","decl":{"start":{"line":1,"column":120},"end":{"line":1,"column":121}},"loc":{"start":{"line":1,"column":132},"end":{"line":1,"column":647}}},"2":{"name":"defineProperties","decl":{"start":{"line":1,"column":142},"end":{"line":1,"column":158}},"loc":{"start":{"line":1,"column":174},"end":{"line":1,"column":441}}},"3":{"name":"(anonymous_3)","decl":{"start":{"line":1,"column":448},"end":{"line":1,"column":449}},"loc":{"start":{"line":1,"column":496},"end":{"line":1,"column":645}}},"4":{"name":"_interopRequireDefault","decl":{"start":{"line":1,"column":787},"end":{"line":1,"column":809}},"loc":{"start":{"line":1,"column":815},"end":{"line":1,"column":871}}},"5":{"name":"_classCallCheck","decl":{"start":{"line":1,"column":880},"end":{"line":1,"column":895}},"loc":{"start":{"line":1,"column":919},"end":{"line":1,"column":1020}}},"6":{"name":"_possibleConstructorReturn","decl":{"start":{"line":1,"column":1029},"end":{"line":1,"column":1055}},"loc":{"start":{"line":1,"column":1068},"end":{"line":1,"column":1255}}},"7":{"name":"_inherits","decl":{"start":{"line":1,"column":1264},"end":{"line":1,"column":1273}},"loc":{"start":{"line":1,"column":1296},"end":{"line":1,"column":1743}}},"8":{"name":"(anonymous_8)","decl":{"start":{"line":3,"column":17},"end":{"line":3,"column":18}},"loc":{"start":{"line":3,"column":45},"end":{"line":35,"column":37}}},"9":{"name":"ItemsTableItem","decl":{"start":{"line":3,"column":99},"end":{"line":3,"column":113}},"loc":{"start":{"line":3,"column":116},"end":{"line":3,"column":288}}},"10":{"name":"render","decl":{"start":{"line":3,"column":351},"end":{"line":3,"column":357}},"loc":{"start":{"line":4,"column":8},"end":{"line":35,"column":9}}}},"branchMap":{"1":{"loc":{"start":{"line":1,"column":265},"end":{"line":1,"column":295}},"type":"binary-expr","locations":[{"start":{"line":1,"column":265},"end":{"line":1,"column":286}},{"start":{"line":1,"column":290},"end":{"line":1,"column":295}}]},"2":{"loc":{"start":{"line":1,"column":327},"end":{"line":1,"column":381}},"type":"if","locations":[{"start":{"line":1,"column":327},"end":{"line":1,"column":381}},{"start":{"line":1,"column":327},"end":{"line":1,"column":381}}]},"3":{"loc":{"start":{"line":1,"column":497},"end":{"line":1,"column":565}},"type":"if","locations":[{"start":{"line":1,"column":497},"end":{"line":1,"column":565}},{"start":{"line":1,"column":497},"end":{"line":1,"column":565}}]},"4":{"loc":{"start":{"line":1,"column":565},"end":{"line":1,"column":625}},"type":"if","locations":[{"start":{"line":1,"column":565},"end":{"line":1,"column":625}},{"start":{"line":1,"column":565},"end":{"line":1,"column":625}}]},"5":{"loc":{"start":{"line":1,"column":823},"end":{"line":1,"column":869}},"type":"cond-expr","locations":[{"start":{"line":1,"column":847},"end":{"line":1,"column":850}},{"start":{"line":1,"column":853},"end":{"line":1,"column":869}}]},"6":{"loc":{"start":{"line":1,"column":823},"end":{"line":1,"column":844}},"type":"binary-expr","locations":[{"start":{"line":1,"column":823},"end":{"line":1,"column":826}},{"start":{"line":1,"column":830},"end":{"line":1,"column":844}}]},"7":{"loc":{"start":{"line":1,"column":920},"end":{"line":1,"column":1019}},"type":"if","locations":[{"start":{"line":1,"column":920},"end":{"line":1,"column":1019}},{"start":{"line":1,"column":920},"end":{"line":1,"column":1019}}]},"8":{"loc":{"start":{"line":1,"column":1069},"end":{"line":1,"column":1168}},"type":"if","locations":[{"start":{"line":1,"column":1069},"end":{"line":1,"column":1168}},{"start":{"line":1,"column":1069},"end":{"line":1,"column":1168}}]},"9":{"loc":{"start":{"line":1,"column":1175},"end":{"line":1,"column":1253}},"type":"cond-expr","locations":[{"start":{"line":1,"column":1242},"end":{"line":1,"column":1246}},{"start":{"line":1,"column":1249},"end":{"line":1,"column":1253}}]},"10":{"loc":{"start":{"line":1,"column":1175},"end":{"line":1,"column":1239}},"type":"binary-expr","locations":[{"start":{"line":1,"column":1175},"end":{"line":1,"column":1179}},{"start":{"line":1,"column":1184},"end":{"line":1,"column":1208}},{"start":{"line":1,"column":1212},"end":{"line":1,"column":1238}}]},"11":{"loc":{"start":{"line":1,"column":1297},"end":{"line":1,"column":1460}},"type":"if","locations":[{"start":{"line":1,"column":1297},"end":{"line":1,"column":1460}},{"start":{"line":1,"column":1297},"end":{"line":1,"column":1460}}]},"12":{"loc":{"start":{"line":1,"column":1301},"end":{"line":1,"column":1356}},"type":"binary-expr","locations":[{"start":{"line":1,"column":1301},"end":{"line":1,"column":1333}},{"start":{"line":1,"column":1337},"end":{"line":1,"column":1356}}]},"13":{"loc":{"start":{"line":1,"column":1495},"end":{"line":1,"column":1529}},"type":"binary-expr","locations":[{"start":{"line":1,"column":1495},"end":{"line":1,"column":1505}},{"start":{"line":1,"column":1509},"end":{"line":1,"column":1529}}]},"14":{"loc":{"start":{"line":1,"column":1624},"end":{"line":1,"column":1742}},"type":"if","locations":[{"start":{"line":1,"column":1624},"end":{"line":1,"column":1742}},{"start":{"line":1,"column":1624},"end":{"line":1,"column":1742}}]},"15":{"loc":{"start":{"line":1,"column":1640},"end":{"line":1,"column":1741}},"type":"cond-expr","locations":[{"start":{"line":1,"column":1664},"end":{"line":1,"column":1707}},{"start":{"line":1,"column":1710},"end":{"line":1,"column":1741}}]},"16":{"loc":{"start":{"line":3,"column":196},"end":{"line":3,"column":261}},"type":"binary-expr","locations":[{"start":{"line":3,"column":196},"end":{"line":3,"column":220}},{"start":{"line":3,"column":224},"end":{"line":3,"column":261}}]},"17":{"loc":{"start":{"line":5,"column":12},"end":{"line":7,"column":13}},"type":"if","locations":[{"start":{"line":5,"column":12},"end":{"line":7,"column":13}},{"start":{"line":5,"column":12},"end":{"line":7,"column":13}}]},"18":{"loc":{"start":{"line":15,"column":141},"end":{"line":15,"column":185}},"type":"cond-expr","locations":[{"start":{"line":15,"column":166},"end":{"line":15,"column":173}},{"start":{"line":15,"column":176},"end":{"line":15,"column":185}}]}},"s":{"1":1,"2":1,"3":1,"4":1,"5":1,"6":1,"7":1,"8":1,"9":1,"10":1,"11":1,"12":1,"13":1,"14":0,"15":1,"16":1,"17":3,"18":0,"19":3,"20":0,"21":3,"22":1,"23":0,"24":1,"25":1,"26":1,"27":1,"28":1,"29":3,"30":3,"31":1,"32":3,"33":1,"34":2,"35":1},"f":{"1":1,"2":1,"3":1,"4":1,"5":3,"6":3,"7":1,"8":1,"9":3,"10":3},"b":{"1":[1,1],"2":[1,0],"3":[1,0],"4":[0,1],"5":[0,1],"6":[1,1],"7":[0,3],"8":[0,3],"9":[0,3],"10":[3,0,0],"11":[0,1],"12":[1,0],"13":[1,1],"14":[1,0],"15":[1,0],"16":[3,0],"17":[1,2],"18":[1,1]},"hash":"65bcf0d5f1697b78bbd036a9ba5cd9ff7beebb0d","l":{"1":3,"3":3,"5":3,"6":1,"9":2,"35":1}},
"/Users/richardsantos/projects/locawebstyle-tray/js/components/Modal.jsx":{"path":"/Users/richardsantos/projects/locawebstyle-tray/js/components/Modal.jsx","statementMap":{"1":{"start":{"line":1,"column":39},"end":{"line":1,"column":101}},"2":{"start":{"line":1,"column":120},"end":{"line":1,"column":649}},"3":{"start":{"line":1,"column":175},"end":{"line":1,"column":440}},"4":{"start":{"line":1,"column":232},"end":{"line":1,"column":240}},"5":{"start":{"line":1,"column":241},"end":{"line":1,"column":296}},"6":{"start":{"line":1,"column":296},"end":{"line":1,"column":327}},"7":{"start":{"line":1,"column":327},"end":{"line":1,"column":381}},"8":{"start":{"line":1,"column":354},"end":{"line":1,"column":381}},"9":{"start":{"line":1,"column":381},"end":{"line":1,"column":439}},"10":{"start":{"line":1,"column":441},"end":{"line":1,"column":646}},"11":{"start":{"line":1,"column":497},"end":{"line":1,"column":565}},"12":{"start":{"line":1,"column":513},"end":{"line":1,"column":565}},"13":{"start":{"line":1,"column":565},"end":{"line":1,"column":625}},"14":{"start":{"line":1,"column":582},"end":{"line":1,"column":625}},"15":{"start":{"line":1,"column":625},"end":{"line":1,"column":644}},"16":{"start":{"line":1,"column":816},"end":{"line":1,"column":870}},"17":{"start":{"line":1,"column":920},"end":{"line":1,"column":1019}},"18":{"start":{"line":1,"column":961},"end":{"line":1,"column":1018}},"19":{"start":{"line":1,"column":1069},"end":{"line":1,"column":1168}},"20":{"start":{"line":1,"column":1081},"end":{"line":1,"column":1167}},"21":{"start":{"line":1,"column":1168},"end":{"line":1,"column":1254}},"22":{"start":{"line":1,"column":1297},"end":{"line":1,"column":1460}},"23":{"start":{"line":1,"column":1359},"end":{"line":1,"column":1459}},"24":{"start":{"line":1,"column":1460},"end":{"line":1,"column":1624}},"25":{"start":{"line":1,"column":1624},"end":{"line":1,"column":1742}},"26":{"start":{"line":1,"column":1640},"end":{"line":1,"column":1742}},"27":{"start":{"line":3,"column":8},"end":{"line":37,"column":82}},"28":{"start":{"line":3,"column":37},"end":{"line":3,"column":72}},"29":{"start":{"line":3,"column":90},"end":{"line":3,"column":119}},"30":{"start":{"line":3,"column":119},"end":{"line":3,"column":233}},"31":{"start":{"line":3,"column":234},"end":{"line":37,"column":14}},"32":{"start":{"line":6,"column":12},"end":{"line":6,"column":35}},"33":{"start":{"line":7,"column":12},"end":{"line":7,"column":37}},"34":{"start":{"line":11,"column":12},"end":{"line":28,"column":455}},"35":{"start":{"line":37,"column":14},"end":{"line":37,"column":27}}},"fnMap":{"1":{"name":"(anonymous_1)","decl":{"start":{"line":1,"column":120},"end":{"line":1,"column":121}},"loc":{"start":{"line":1,"column":132},"end":{"line":1,"column":647}}},"2":{"name":"defineProperties","decl":{"start":{"line":1,"column":142},"end":{"line":1,"column":158}},"loc":{"start":{"line":1,"column":174},"end":{"line":1,"column":441}}},"3":{"name":"(anonymous_3)","decl":{"start":{"line":1,"column":448},"end":{"line":1,"column":449}},"loc":{"start":{"line":1,"column":496},"end":{"line":1,"column":645}}},"4":{"name":"_interopRequireDefault","decl":{"start":{"line":1,"column":787},"end":{"line":1,"column":809}},"loc":{"start":{"line":1,"column":815},"end":{"line":1,"column":871}}},"5":{"name":"_classCallCheck","decl":{"start":{"line":1,"column":880},"end":{"line":1,"column":895}},"loc":{"start":{"line":1,"column":919},"end":{"line":1,"column":1020}}},"6":{"name":"_possibleConstructorReturn","decl":{"start":{"line":1,"column":1029},"end":{"line":1,"column":1055}},"loc":{"start":{"line":1,"column":1068},"end":{"line":1,"column":1255}}},"7":{"name":"_inherits","decl":{"start":{"line":1,"column":1264},"end":{"line":1,"column":1273}},"loc":{"start":{"line":1,"column":1296},"end":{"line":1,"column":1743}}},"8":{"name":"(anonymous_8)","decl":{"start":{"line":3,"column":8},"end":{"line":3,"column":9}},"loc":{"start":{"line":3,"column":36},"end":{"line":37,"column":28}}},"9":{"name":"Modal","decl":{"start":{"line":3,"column":81},"end":{"line":3,"column":86}},"loc":{"start":{"line":3,"column":89},"end":{"line":3,"column":234}}},"10":{"name":"componentDidMount","decl":{"start":{"line":3,"column":299},"end":{"line":3,"column":316}},"loc":{"start":{"line":5,"column":8},"end":{"line":8,"column":9}}},"11":{"name":"render","decl":{"start":{"line":8,"column":46},"end":{"line":8,"column":52}},"loc":{"start":{"line":10,"column":8},"end":{"line":37,"column":9}}}},"branchMap":{"1":{"loc":{"start":{"line":1,"column":265},"end":{"line":1,"column":295}},"type":"binary-expr","locations":[{"start":{"line":1,"column":265},"end":{"line":1,"column":286}},{"start":{"line":1,"column":290},"end":{"line":1,"column":295}}]},"2":{"loc":{"start":{"line":1,"column":327},"end":{"line":1,"column":381}},"type":"if","locations":[{"start":{"line":1,"column":327},"end":{"line":1,"column":381}},{"start":{"line":1,"column":327},"end":{"line":1,"column":381}}]},"3":{"loc":{"start":{"line":1,"column":497},"end":{"line":1,"column":565}},"type":"if","locations":[{"start":{"line":1,"column":497},"end":{"line":1,"column":565}},{"start":{"line":1,"column":497},"end":{"line":1,"column":565}}]},"4":{"loc":{"start":{"line":1,"column":565},"end":{"line":1,"column":625}},"type":"if","locations":[{"start":{"line":1,"column":565},"end":{"line":1,"column":625}},{"start":{"line":1,"column":565},"end":{"line":1,"column":625}}]},"5":{"loc":{"start":{"line":1,"column":823},"end":{"line":1,"column":869}},"type":"cond-expr","locations":[{"start":{"line":1,"column":847},"end":{"line":1,"column":850}},{"start":{"line":1,"column":853},"end":{"line":1,"column":869}}]},"6":{"loc":{"start":{"line":1,"column":823},"end":{"line":1,"column":844}},"type":"binary-expr","locations":[{"start":{"line":1,"column":823},"end":{"line":1,"column":826}},{"start":{"line":1,"column":830},"end":{"line":1,"column":844}}]},"7":{"loc":{"start":{"line":1,"column":920},"end":{"line":1,"column":1019}},"type":"if","locations":[{"start":{"line":1,"column":920},"end":{"line":1,"column":1019}},{"start":{"line":1,"column":920},"end":{"line":1,"column":1019}}]},"8":{"loc":{"start":{"line":1,"column":1069},"end":{"line":1,"column":1168}},"type":"if","locations":[{"start":{"line":1,"column":1069},"end":{"line":1,"column":1168}},{"start":{"line":1,"column":1069},"end":{"line":1,"column":1168}}]},"9":{"loc":{"start":{"line":1,"column":1175},"end":{"line":1,"column":1253}},"type":"cond-expr","locations":[{"start":{"line":1,"column":1242},"end":{"line":1,"column":1246}},{"start":{"line":1,"column":1249},"end":{"line":1,"column":1253}}]},"10":{"loc":{"start":{"line":1,"column":1175},"end":{"line":1,"column":1239}},"type":"binary-expr","locations":[{"start":{"line":1,"column":1175},"end":{"line":1,"column":1179}},{"start":{"line":1,"column":1184},"end":{"line":1,"column":1208}},{"start":{"line":1,"column":1212},"end":{"line":1,"column":1238}}]},"11":{"loc":{"start":{"line":1,"column":1297},"end":{"line":1,"column":1460}},"type":"if","locations":[{"start":{"line":1,"column":1297},"end":{"line":1,"column":1460}},{"start":{"line":1,"column":1297},"end":{"line":1,"column":1460}}]},"12":{"loc":{"start":{"line":1,"column":1301},"end":{"line":1,"column":1356}},"type":"binary-expr","locations":[{"start":{"line":1,"column":1301},"end":{"line":1,"column":1333}},{"start":{"line":1,"column":1337},"end":{"line":1,"column":1356}}]},"13":{"loc":{"start":{"line":1,"column":1495},"end":{"line":1,"column":1529}},"type":"binary-expr","locations":[{"start":{"line":1,"column":1495},"end":{"line":1,"column":1505}},{"start":{"line":1,"column":1509},"end":{"line":1,"column":1529}}]},"14":{"loc":{"start":{"line":1,"column":1624},"end":{"line":1,"column":1742}},"type":"if","locations":[{"start":{"line":1,"column":1624},"end":{"line":1,"column":1742}},{"start":{"line":1,"column":1624},"end":{"line":1,"column":1742}}]},"15":{"loc":{"start":{"line":1,"column":1640},"end":{"line":1,"column":1741}},"type":"cond-expr","locations":[{"start":{"line":1,"column":1664},"end":{"line":1,"column":1707}},{"start":{"line":1,"column":1710},"end":{"line":1,"column":1741}}]},"16":{"loc":{"start":{"line":3,"column":160},"end":{"line":3,"column":207}},"type":"binary-expr","locations":[{"start":{"line":3,"column":160},"end":{"line":3,"column":175}},{"start":{"line":3,"column":179},"end":{"line":3,"column":207}}]}},"s":{"1":1,"2":1,"3":1,"4":2,"5":2,"6":2,"7":2,"8":2,"9":2,"10":1,"11":1,"12":1,"13":1,"14":0,"15":1,"16":1,"17":1,"18":0,"19":1,"20":0,"21":1,"22":1,"23":0,"24":1,"25":1,"26":1,"27":1,"28":1,"29":1,"30":1,"31":1,"32":1,"33":1,"34":1,"35":1},"f":{"1":1,"2":1,"3":1,"4":1,"5":1,"6":1,"7":1,"8":1,"9":1,"10":1,"11":1},"b":{"1":[2,2],"2":[2,0],"3":[1,0],"4":[0,1],"5":[0,1],"6":[1,1],"7":[0,1],"8":[0,1],"9":[0,1],"10":[1,0,0],"11":[0,1],"12":[1,0],"13":[1,1],"14":[1,0],"15":[1,0],"16":[1,0]},"hash":"99b589f76c8eadd2c9d64417604ec840bf1d5382","l":{"1":2,"3":1,"6":1,"7":1,"11":1,"37":1}}}
